Started GET "/" for 127.0.0.1 at 2017-05-08 17:21:34 -0500
Processing by Rails::WelcomeController#index as HTML
  Rendering /home/migueref/.rvm/gems/ruby-2.3.3/gems/railties-5.1.0/lib/rails/templates/rails/welcome/index.html.erb
  Rendered /home/migueref/.rvm/gems/ruby-2.3.3/gems/railties-5.1.0/lib/rails/templates/rails/welcome/index.html.erb (2.5ms)
Completed 200 OK in 122ms (Views: 4.9ms)


Started GET "/" for 127.0.0.1 at 2017-05-08 17:21:46 -0500
Processing by Rails::WelcomeController#index as HTML
  Rendering /home/migueref/.rvm/gems/ruby-2.3.3/gems/railties-5.1.0/lib/rails/templates/rails/welcome/index.html.erb
  Rendered /home/migueref/.rvm/gems/ruby-2.3.3/gems/railties-5.1.0/lib/rails/templates/rails/welcome/index.html.erb (3.2ms)
Completed 200 OK in 6ms (Views: 4.6ms)


Started GET "/" for 127.0.0.1 at 2017-05-08 22:53:49 -0500
Processing by Rails::WelcomeController#index as HTML
  Rendering /home/migueref/.rvm/gems/ruby-2.3.3/gems/railties-5.1.0/lib/rails/templates/rails/welcome/index.html.erb
  Rendered /home/migueref/.rvm/gems/ruby-2.3.3/gems/railties-5.1.0/lib/rails/templates/rails/welcome/index.html.erb (4.5ms)
Completed 200 OK in 324ms (Views: 27.9ms)


Started GET "/" for 127.0.0.1 at 2017-05-08 22:56:47 -0500
  
ArgumentError (Missing :controller key on routes definition, please check your routes.):
  
config/routes.rb:2:in `block in <top (required)>'
config/routes.rb:1:in `<top (required)>'
Started GET "/" for 127.0.0.1 at 2017-05-08 22:56:48 -0500
  
ActionController::RoutingError (No route matches [GET] "/"):
  
actionpack (5.1.0) lib/action_dispatch/middleware/debug_exceptions.rb:63:in `call'
web-console (3.5.0) lib/web_console/middleware.rb:135:in `call_app'
web-console (3.5.0) lib/web_console/middleware.rb:28:in `block in call'
web-console (3.5.0) lib/web_console/middleware.rb:18:in `catch'
web-console (3.5.0) lib/web_console/middleware.rb:18:in `call'
actionpack (5.1.0) lib/action_dispatch/middleware/show_exceptions.rb:31:in `call'
railties (5.1.0) lib/rails/rack/logger.rb:36:in `call_app'
railties (5.1.0) lib/rails/rack/logger.rb:24:in `block in call'
activesupport (5.1.0) lib/active_support/tagged_logging.rb:69:in `block in tagged'
activesupport (5.1.0) lib/active_support/tagged_logging.rb:26:in `tagged'
activesupport (5.1.0) lib/active_support/tagged_logging.rb:69:in `tagged'
railties (5.1.0) lib/rails/rack/logger.rb:24:in `call'
sprockets-rails (3.2.0) lib/sprockets/rails/quiet_assets.rb:13:in `call'
actionpack (5.1.0) lib/action_dispatch/middleware/remote_ip.rb:79:in `call'
actionpack (5.1.0) lib/action_dispatch/middleware/request_id.rb:25:in `call'
rack (2.0.2) lib/rack/method_override.rb:22:in `call'
rack (2.0.2) lib/rack/runtime.rb:22:in `call'
activesupport (5.1.0) lib/active_support/cache/strategy/local_cache_middleware.rb:27:in `call'
actionpack (5.1.0) lib/action_dispatch/middleware/executor.rb:12:in `call'
actionpack (5.1.0) lib/action_dispatch/middleware/static.rb:125:in `call'
rack (2.0.2) lib/rack/sendfile.rb:111:in `call'
railties (5.1.0) lib/rails/engine.rb:522:in `call'
puma (3.8.2) lib/puma/configuration.rb:224:in `call'
puma (3.8.2) lib/puma/server.rb:600:in `handle_request'
puma (3.8.2) lib/puma/server.rb:435:in `process_client'
puma (3.8.2) lib/puma/server.rb:299:in `block in run'
puma (3.8.2) lib/puma/thread_pool.rb:120:in `block in spawn_thread'
Started GET "/" for 127.0.0.1 at 2017-05-08 22:56:53 -0500
  
ActionController::RoutingError (No route matches [GET] "/"):
  
actionpack (5.1.0) lib/action_dispatch/middleware/debug_exceptions.rb:63:in `call'
web-console (3.5.0) lib/web_console/middleware.rb:135:in `call_app'
web-console (3.5.0) lib/web_console/middleware.rb:28:in `block in call'
web-console (3.5.0) lib/web_console/middleware.rb:18:in `catch'
web-console (3.5.0) lib/web_console/middleware.rb:18:in `call'
actionpack (5.1.0) lib/action_dispatch/middleware/show_exceptions.rb:31:in `call'
railties (5.1.0) lib/rails/rack/logger.rb:36:in `call_app'
railties (5.1.0) lib/rails/rack/logger.rb:24:in `block in call'
activesupport (5.1.0) lib/active_support/tagged_logging.rb:69:in `block in tagged'
activesupport (5.1.0) lib/active_support/tagged_logging.rb:26:in `tagged'
activesupport (5.1.0) lib/active_support/tagged_logging.rb:69:in `tagged'
railties (5.1.0) lib/rails/rack/logger.rb:24:in `call'
sprockets-rails (3.2.0) lib/sprockets/rails/quiet_assets.rb:13:in `call'
actionpack (5.1.0) lib/action_dispatch/middleware/remote_ip.rb:79:in `call'
actionpack (5.1.0) lib/action_dispatch/middleware/request_id.rb:25:in `call'
rack (2.0.2) lib/rack/method_override.rb:22:in `call'
rack (2.0.2) lib/rack/runtime.rb:22:in `call'
activesupport (5.1.0) lib/active_support/cache/strategy/local_cache_middleware.rb:27:in `call'
actionpack (5.1.0) lib/action_dispatch/middleware/executor.rb:12:in `call'
actionpack (5.1.0) lib/action_dispatch/middleware/static.rb:125:in `call'
rack (2.0.2) lib/rack/sendfile.rb:111:in `call'
railties (5.1.0) lib/rails/engine.rb:522:in `call'
puma (3.8.2) lib/puma/configuration.rb:224:in `call'
puma (3.8.2) lib/puma/server.rb:600:in `handle_request'
puma (3.8.2) lib/puma/server.rb:435:in `process_client'
puma (3.8.2) lib/puma/server.rb:299:in `block in run'
puma (3.8.2) lib/puma/thread_pool.rb:120:in `block in spawn_thread'
Started GET "/" for 127.0.0.1 at 2017-05-08 22:57:28 -0500
  
ArgumentError (Missing :controller key on routes definition, please check your routes.):
  
config/routes.rb:2:in `block in <top (required)>'
config/routes.rb:1:in `<top (required)>'
Started GET "/" for 127.0.0.1 at 2017-05-08 22:57:29 -0500
  
ActionController::RoutingError (No route matches [GET] "/"):
  
actionpack (5.1.0) lib/action_dispatch/middleware/debug_exceptions.rb:63:in `call'
web-console (3.5.0) lib/web_console/middleware.rb:135:in `call_app'
web-console (3.5.0) lib/web_console/middleware.rb:28:in `block in call'
web-console (3.5.0) lib/web_console/middleware.rb:18:in `catch'
web-console (3.5.0) lib/web_console/middleware.rb:18:in `call'
actionpack (5.1.0) lib/action_dispatch/middleware/show_exceptions.rb:31:in `call'
railties (5.1.0) lib/rails/rack/logger.rb:36:in `call_app'
railties (5.1.0) lib/rails/rack/logger.rb:24:in `block in call'
activesupport (5.1.0) lib/active_support/tagged_logging.rb:69:in `block in tagged'
activesupport (5.1.0) lib/active_support/tagged_logging.rb:26:in `tagged'
activesupport (5.1.0) lib/active_support/tagged_logging.rb:69:in `tagged'
railties (5.1.0) lib/rails/rack/logger.rb:24:in `call'
sprockets-rails (3.2.0) lib/sprockets/rails/quiet_assets.rb:13:in `call'
actionpack (5.1.0) lib/action_dispatch/middleware/remote_ip.rb:79:in `call'
actionpack (5.1.0) lib/action_dispatch/middleware/request_id.rb:25:in `call'
rack (2.0.2) lib/rack/method_override.rb:22:in `call'
rack (2.0.2) lib/rack/runtime.rb:22:in `call'
activesupport (5.1.0) lib/active_support/cache/strategy/local_cache_middleware.rb:27:in `call'
actionpack (5.1.0) lib/action_dispatch/middleware/executor.rb:12:in `call'
actionpack (5.1.0) lib/action_dispatch/middleware/static.rb:125:in `call'
rack (2.0.2) lib/rack/sendfile.rb:111:in `call'
railties (5.1.0) lib/rails/engine.rb:522:in `call'
puma (3.8.2) lib/puma/configuration.rb:224:in `call'
puma (3.8.2) lib/puma/server.rb:600:in `handle_request'
puma (3.8.2) lib/puma/server.rb:435:in `process_client'
puma (3.8.2) lib/puma/server.rb:299:in `block in run'
puma (3.8.2) lib/puma/thread_pool.rb:120:in `block in spawn_thread'
Started GET "/" for 127.0.0.1 at 2017-05-08 22:57:52 -0500
Processing by MainController#home as HTML
  Rendering main/home.html.erb within layouts/application
  Rendered main/home.html.erb within layouts/application (0.3ms)
Completed 200 OK in 609ms (Views: 608.0ms)


Started GET "/" for 127.0.0.1 at 2017-05-08 23:03:40 -0500
Processing by MainController#home as HTML
  Rendering main/home.html.erb within layouts/application
  Rendered main/home.html.erb within layouts/application (0.3ms)
Completed 200 OK in 13ms (Views: 10.9ms)


Started GET "/" for 127.0.0.1 at 2017-05-08 23:03:52 -0500
Processing by MainController#home as HTML
  Rendering main/home.html.erb within layouts/application
  Rendered main/home.html.erb within layouts/application (0.3ms)
Completed 200 OK in 9ms (Views: 7.9ms)


Started GET "/" for 127.0.0.1 at 2017-05-08 23:03:53 -0500
Processing by MainController#home as HTML
  Rendering main/home.html.erb within layouts/application
  Rendered main/home.html.erb within layouts/application (0.3ms)
Completed 200 OK in 9ms (Views: 7.8ms)


Started GET "/" for 127.0.0.1 at 2017-05-08 23:03:55 -0500
Processing by MainController#home as HTML
  Rendering main/home.html.erb within layouts/application
  Rendered main/home.html.erb within layouts/application (0.3ms)
Completed 200 OK in 8ms (Views: 7.5ms)


